<?xml version="1.0" encoding="UTF-8"?>
<testng-results skipped="0" failed="0" total="1" passed="1">
  <reporter-output>
    <line>
      <![CDATA[▀▄▀▄▀ DEVICE PROPERTIES: Capabilities [{reportPdfUrl=https://demo.reporting-01.perfectomobile.com/export/api/v1/test-executions/pdf?externalId[0]=lees@perfectomobile.com_RemoteWebDriver_17-01-17_13_30_44_1845, available=false, description=Lee Raj, language=English, operatorCode=310030, deviceName=41EEF156EA10EDAB41632651F7AD2A4C4CB502ED, deviceId=41EEF156EA10EDAB41632651F7AD2A4C4CB502ED, operatorName=AT&T, resolution=750x1334, platform=ANY, wifiMacAddress=48:43:7c:c2:14:58, manufacturer=Apple, mode=CONNECTED, password=, cradleId=WF-CG29-55/VIRTUAL/01, osVersion=9.3.4, driverClass=io.appium.java_client.ios.IOSDriver, automationName=Appium, host=demo.perfectomobile.com, singleTestReportUrl=https://demo.perfectomobile.com/nexperience/singletest/report/?reportRepositoryKey=PRIVATE:RemoteWebDriver/170117/RemoteWebDriver_17-01-17_13_30_44_1845.xml&ownerId=lees@perfectomobile.com&sharingCode=c1925c33-19da-482c-b307-a46b020aa977, inUse=true, takesScreenshot=true, javascriptEnabled=true, model=iPhone-6, platformName=iOS, firmware=9.2.1, applicationName=Recipes, rotatable=true, testGridReportUrl=https://demo.reporting-01.perfectomobile.com?externalId[0]=lees@perfectomobile.com_RemoteWebDriver_17-01-17_13_30_44_1845, os=iOS, entityType=appium_driver, allocatedTo=lees@perfectomobile.com, bundleId=com.example.apple-samplecode.Recipes, serverConnector=, executionId=lees@perfectomobile.com_RemoteWebDriver_17-01-17_13_30_44_1845, webdriver.remote.sessionid=7c205061-48e5-4231-a3f9-fede537c5e44, locationContextEnabled=true, scriptName=RemoteWebDriver, location=NA-US-BOS, linkType=lab, reportKey=PRIVATE:RemoteWebDriver/170117/RemoteWebDriver_17-01-17_13_30_44_1845.xml, operatorCountry=United States of America, windTunnelReportUrl=https://demo.perfectomobile.com/nexperience/singletest/report/?reportRepositoryKey=PRIVATE:RemoteWebDriver/170117/RemoteWebDriver_17-01-17_13_30_44_1845.xml&ownerId=lees@perfectomobile.com&sharingCode=c1925c33-19da-482c-b307-a46b020aa977, user=, operabilityRatingScore=100, cssSelectorsEnabled=true, status=Connected}] ▀▄▀▄▀]]>
    </line>
    <line>
      <![CDATA[█▀▀▀▀▀▀▀▀▀▀▀▀▀▀▀▀▀▀▀▀▀▀▀▀▀▀▀▀▀▀▀█]]>
    </line>
    <line>
      <![CDATA[█ TEST STARTED: Adding a recipe █]]>
    </line>
    <line>
      <![CDATA[█▄▄▄▄▄▄▄▄▄▄▄▄▄▄▄▄▄▄▄▄▄▄▄▄▄▄▄▄▄▄▄█]]>
    </line>
    <line>
      <![CDATA[▄ ▄ ▄ BEGIN STEP: Given I am on the home page ▄ ▄ ▄]]>
    </line>
    <line>
      <![CDATA[▀ ▀ ▀ END STEP: Given I am on the home page ▀ ▀ ▀]]>
    </line>
    <line>
      <![CDATA[▄ ▄ ▄ BEGIN STEP: And I navigate to add another recipe ▄ ▄ ▄]]>
    </line>
    <line>
      <![CDATA[▀ ▀ ▀ END STEP: And I navigate to add another recipe ▀ ▀ ▀]]>
    </line>
    <line>
      <![CDATA[▄ ▄ ▄ BEGIN STEP: When I add a new recipe name "Blabla" ▄ ▄ ▄]]>
    </line>
    <line>
      <![CDATA[▀ ▀ ▀ END STEP: When I add a new recipe name "Blabla" ▀ ▀ ▀]]>
    </line>
    <line>
      <![CDATA[▄ ▄ ▄ BEGIN STEP: When I navigate to edit recipe ▄ ▄ ▄]]>
    </line>
    <line>
      <![CDATA[▀ ▀ ▀ END STEP: When I navigate to edit recipe ▀ ▀ ▀]]>
    </line>
    <line>
      <![CDATA[▄ ▄ ▄ BEGIN STEP: And I choose category ▄ ▄ ▄]]>
    </line>
    <line>
      <![CDATA[▀ ▀ ▀ END STEP: And I choose category ▀ ▀ ▀]]>
    </line>
    <line>
      <![CDATA[▄ ▄ ▄ BEGIN STEP: And I choose a photo ▄ ▄ ▄]]>
    </line>
    <line>
      <![CDATA[▀ ▀ ▀ END STEP: And I choose a photo ▀ ▀ ▀]]>
    </line>
    <line>
      <![CDATA[▄ ▄ ▄ BEGIN STEP: And I navigate back to home page ▄ ▄ ▄]]>
    </line>
    <line>
      <![CDATA[▀ ▀ ▀ END STEP: And I navigate back to home page ▀ ▀ ▀]]>
    </line>
    <line>
      <![CDATA[▄ ▄ ▄ BEGIN STEP: Then I expect the new recipe named "Blabla" to be added to the top of the list ▄ ▄ ▄]]>
    </line>
    <line>
      <![CDATA[▀ ▀ ▀ END STEP: Then I expect the new recipe named "Blabla" to be added to the top of the list ▀ ▀ ▀]]>
    </line>
    <line>
      <![CDATA[▄ ▄ ▄ BEGIN STEP: And I delete first recipe ▄ ▄ ▄]]>
    </line>
    <line>
      <![CDATA[▀ ▀ ▀ END STEP: And I delete first recipe ▀ ▀ ▀]]>
    </line>
    <line>
      <![CDATA[▄ ▄ ▄ BEGIN STEP: Then I expect recipe name "Blabla" to be deleted ▄ ▄ ▄]]>
    </line>
    <line>
      <![CDATA[▀ ▀ ▀ END STEP: Then I expect recipe name "Blabla" to be deleted ▀ ▀ ▀]]>
    </line>
    <line>
      <![CDATA[▄ ▄ ▄ BEGIN STEP: Then I close application by name "Recipes" ▄ ▄ ▄]]>
    </line>
    <line>
      <![CDATA[▀ ▀ ▀ END STEP: Then I close application by name "Recipes" ▀ ▀ ▀]]>
    </line>
    <line>
      <![CDATA[<div style="display:block;margin-left:10px;"><div  class="teststeppass"><span class="teststeppass-label">T </span>Given I am on the home page</div><div style="display:block;margin-left:10px;"><div  class="pass"><span class="pass-label">P </span>Expected By.xpath: //*[@value="Recipes"] present : Actual By.xpath: //*[@value="Recipes"] present <a href="img/Adding a recipe_1ammbao1qndnm49950.png" target="_blank">[View Screenshot]</a> </div></div><div  class="teststeppass"><span class="teststeppass-label">T </span>And I navigate to add another recipe</div><div  class="teststeppass"><span class="teststeppass-label">T </span>When I add a new recipe name "Blabla"</div><div  class="teststeppass"><span class="teststeppass-label">T </span>When I navigate to edit recipe</div><div  class="teststeppass"><span class="teststeppass-label">T </span>And I choose category</div><div  class="teststeppass"><span class="teststeppass-label">T </span>And I choose a photo</div><div  class="teststeppass"><span class="teststeppass-label">T </span>And I navigate back to home page</div><div style="display:block;margin-left:10px;"><div  class="pass"><span class="pass-label">P </span>Expected By.xpath: //*[@value="Recipes"] present : Actual By.xpath: //*[@value="Recipes"] present <a href="img/Adding a recipe_r87unam4iosb49951.png" target="_blank">[View Screenshot]</a> </div></div><div  class="teststeppass"><span class="teststeppass-label">T </span>Then I expect the new recipe named "Blabla" to be added to the top of the list</div><div  class="teststeppass"><span class="teststeppass-label">T </span>And I delete first recipe</div><div  class="teststeppass"><span class="teststeppass-label">T </span>Then I expect recipe name "Blabla" to be deleted</div><div  class="teststeppass"><span class="teststeppass-label">T </span>Then I close application by name "Recipes"</div></div>]]>
    </line>
    <line>
      <![CDATA[▀▄▀▄▀ REPORTIUM URL: https://demo.reporting-01.perfectomobile.com?externalId%5B0%5D=lees@perfectomobile.com_RemoteWebDriver_17-01-17_13_30_44_1845 ▀▄▀▄▀]]>
    </line>
    <line>
      <![CDATA[█▀▀▀▀▀▀▀▀▀▀▀▀▀▀▀▀▀▀▀▀▀▀▀▀▀▀▀▀▀▀█]]>
    </line>
    <line>
      <![CDATA[█ TEST PASSED: Adding a recipe █]]>
    </line>
    <line>
      <![CDATA[█▄▄▄▄▄▄▄▄▄▄▄▄▄▄▄▄▄▄▄▄▄▄▄▄▄▄▄▄▄▄█]]>
    </line>
  </reporter-output>
  <suite name="Appium Demo Suite" duration-ms="128926" started-at="2017-01-17T13:30:44Z" finished-at="2017-01-17T13:32:52Z">
    <groups>
      <group name="@recipes">
        <method signature="src.main.resources.scenarios.Recipes.feature.Adding a recipe()[pri:1000, instance:com.qmetry.qaf.automation.step.client.Scenario@3e8]" name="Adding a recipe" class="com.qmetry.qaf.automation.step.client.Scenario"/>
      </group> <!-- @recipes -->
    </groups>
    <test name="IOS Test" duration-ms="128926" started-at="2017-01-17T13:30:44Z" finished-at="2017-01-17T13:32:52Z">
      <class name="com.qmetry.qaf.automation.step.client.Scenario">
        <test-method status="PASS" signature="setupSuit(org.testng.ITestContext)[pri:0, instance:com.qmetry.qaf.automation.step.client.Scenario@3e8]" test-instance-name="Adding a recipe" name="setupSuit" is-config="true" duration-ms="21" started-at="2017-01-17T15:30:43Z" finished-at="2017-01-17T15:30:44Z">
          <params>
            <param index="0">
              <value>
                <![CDATA[org.testng.TestRunner@703580bf]]>
              </value>
            </param>
          </params>
          <reporter-output>
          </reporter-output>
        </test-method> <!-- setupSuit -->
        <test-method status="PASS" signature="setupTest(org.testng.ITestContext)[pri:0, instance:com.qmetry.qaf.automation.step.client.Scenario@3e8]" test-instance-name="Adding a recipe" name="setupTest" is-config="true" duration-ms="18" started-at="2017-01-17T15:30:44Z" finished-at="2017-01-17T15:30:44Z">
          <params>
            <param index="0">
              <value>
                <![CDATA[org.testng.TestRunner@703580bf]]>
              </value>
            </param>
          </params>
          <reporter-output>
          </reporter-output>
        </test-method> <!-- setupTest -->
        <test-method status="PASS" signature="setup(org.testng.ITestContext)[pri:0, instance:com.qmetry.qaf.automation.step.client.Scenario@3e8]" test-instance-name="Adding a recipe" name="setup" is-config="true" duration-ms="2" started-at="2017-01-17T15:30:44Z" finished-at="2017-01-17T15:30:44Z">
          <params>
            <param index="0">
              <value>
                <![CDATA[org.testng.TestRunner@703580bf]]>
              </value>
            </param>
          </params>
          <reporter-output>
          </reporter-output>
        </test-method> <!-- setup -->
        <test-method status="PASS" signature="setupMethod(java.lang.reflect.Method, org.testng.ITestContext)[pri:0, instance:com.qmetry.qaf.automation.step.client.Scenario@3e8]" test-instance-name="Adding a recipe" name="setupMethod" is-config="true" duration-ms="1" started-at="2017-01-17T15:30:44Z" finished-at="2017-01-17T15:30:44Z">
          <params>
            <param index="0">
              <value>
                <![CDATA[public void com.qmetry.qaf.automation.step.client.Scenario.scenario()]]>
              </value>
            </param>
            <param index="1">
              <value>
                <![CDATA[org.testng.TestRunner@703580bf]]>
              </value>
            </param>
          </params>
          <reporter-output>
          </reporter-output>
        </test-method> <!-- setupMethod -->
        <test-method status="PASS" signature="Adding a recipe()[pri:1000, instance:com.qmetry.qaf.automation.step.client.Scenario@3e8]" test-instance-name="Adding a recipe" name="Adding a recipe" duration-ms="117727" started-at="2017-01-17T15:30:44Z" finished-at="2017-01-17T15:32:41Z">
          <reporter-output>
            <line>
              <![CDATA[▄ ▄ ▄ BEGIN STEP: Given I am on the home page ▄ ▄ ▄]]>
            </line>
            <line>
              <![CDATA[▀ ▀ ▀ END STEP: Given I am on the home page ▀ ▀ ▀]]>
            </line>
            <line>
              <![CDATA[▄ ▄ ▄ BEGIN STEP: And I navigate to add another recipe ▄ ▄ ▄]]>
            </line>
            <line>
              <![CDATA[▀ ▀ ▀ END STEP: And I navigate to add another recipe ▀ ▀ ▀]]>
            </line>
            <line>
              <![CDATA[▄ ▄ ▄ BEGIN STEP: When I add a new recipe name "Blabla" ▄ ▄ ▄]]>
            </line>
            <line>
              <![CDATA[▀ ▀ ▀ END STEP: When I add a new recipe name "Blabla" ▀ ▀ ▀]]>
            </line>
            <line>
              <![CDATA[▄ ▄ ▄ BEGIN STEP: When I navigate to edit recipe ▄ ▄ ▄]]>
            </line>
            <line>
              <![CDATA[▀ ▀ ▀ END STEP: When I navigate to edit recipe ▀ ▀ ▀]]>
            </line>
            <line>
              <![CDATA[▄ ▄ ▄ BEGIN STEP: And I choose category ▄ ▄ ▄]]>
            </line>
            <line>
              <![CDATA[▀ ▀ ▀ END STEP: And I choose category ▀ ▀ ▀]]>
            </line>
            <line>
              <![CDATA[▄ ▄ ▄ BEGIN STEP: And I choose a photo ▄ ▄ ▄]]>
            </line>
            <line>
              <![CDATA[▀ ▀ ▀ END STEP: And I choose a photo ▀ ▀ ▀]]>
            </line>
            <line>
              <![CDATA[▄ ▄ ▄ BEGIN STEP: And I navigate back to home page ▄ ▄ ▄]]>
            </line>
            <line>
              <![CDATA[▀ ▀ ▀ END STEP: And I navigate back to home page ▀ ▀ ▀]]>
            </line>
            <line>
              <![CDATA[▄ ▄ ▄ BEGIN STEP: Then I expect the new recipe named "Blabla" to be added to the top of the list ▄ ▄ ▄]]>
            </line>
            <line>
              <![CDATA[▀ ▀ ▀ END STEP: Then I expect the new recipe named "Blabla" to be added to the top of the list ▀ ▀ ▀]]>
            </line>
            <line>
              <![CDATA[▄ ▄ ▄ BEGIN STEP: And I delete first recipe ▄ ▄ ▄]]>
            </line>
            <line>
              <![CDATA[▀ ▀ ▀ END STEP: And I delete first recipe ▀ ▀ ▀]]>
            </line>
            <line>
              <![CDATA[▄ ▄ ▄ BEGIN STEP: Then I expect recipe name "Blabla" to be deleted ▄ ▄ ▄]]>
            </line>
            <line>
              <![CDATA[▀ ▀ ▀ END STEP: Then I expect recipe name "Blabla" to be deleted ▀ ▀ ▀]]>
            </line>
            <line>
              <![CDATA[▄ ▄ ▄ BEGIN STEP: Then I close application by name "Recipes" ▄ ▄ ▄]]>
            </line>
            <line>
              <![CDATA[▀ ▀ ▀ END STEP: Then I close application by name "Recipes" ▀ ▀ ▀]]>
            </line>
            <line>
              <![CDATA[<div style="display:block;margin-left:10px;"><div  class="teststeppass"><span class="teststeppass-label">T </span>Given I am on the home page</div><div style="display:block;margin-left:10px;"><div  class="pass"><span class="pass-label">P </span>Expected By.xpath: //*[@value="Recipes"] present : Actual By.xpath: //*[@value="Recipes"] present <a href="img/Adding a recipe_1ammbao1qndnm49950.png" target="_blank">[View Screenshot]</a> </div></div><div  class="teststeppass"><span class="teststeppass-label">T </span>And I navigate to add another recipe</div><div  class="teststeppass"><span class="teststeppass-label">T </span>When I add a new recipe name "Blabla"</div><div  class="teststeppass"><span class="teststeppass-label">T </span>When I navigate to edit recipe</div><div  class="teststeppass"><span class="teststeppass-label">T </span>And I choose category</div><div  class="teststeppass"><span class="teststeppass-label">T </span>And I choose a photo</div><div  class="teststeppass"><span class="teststeppass-label">T </span>And I navigate back to home page</div><div style="display:block;margin-left:10px;"><div  class="pass"><span class="pass-label">P </span>Expected By.xpath: //*[@value="Recipes"] present : Actual By.xpath: //*[@value="Recipes"] present <a href="img/Adding a recipe_r87unam4iosb49951.png" target="_blank">[View Screenshot]</a> </div></div><div  class="teststeppass"><span class="teststeppass-label">T </span>Then I expect the new recipe named "Blabla" to be added to the top of the list</div><div  class="teststeppass"><span class="teststeppass-label">T </span>And I delete first recipe</div><div  class="teststeppass"><span class="teststeppass-label">T </span>Then I expect recipe name "Blabla" to be deleted</div><div  class="teststeppass"><span class="teststeppass-label">T </span>Then I close application by name "Recipes"</div></div>]]>
            </line>
            <line>
              <![CDATA[▀▄▀▄▀ REPORTIUM URL: https://demo.reporting-01.perfectomobile.com?externalId%5B0%5D=lees@perfectomobile.com_RemoteWebDriver_17-01-17_13_30_44_1845 ▀▄▀▄▀]]>
            </line>
            <line>
              <![CDATA[█▀▀▀▀▀▀▀▀▀▀▀▀▀▀▀▀▀▀▀▀▀▀▀▀▀▀▀▀▀▀█]]>
            </line>
            <line>
              <![CDATA[█ TEST PASSED: Adding a recipe █]]>
            </line>
            <line>
              <![CDATA[█▄▄▄▄▄▄▄▄▄▄▄▄▄▄▄▄▄▄▄▄▄▄▄▄▄▄▄▄▄▄█]]>
            </line>
          </reporter-output>
        </test-method> <!-- Adding a recipe -->
        <test-method status="PASS" signature="afterMethod(org.testng.ITestContext, org.testng.ITestResult)[pri:0, instance:com.qmetry.qaf.automation.step.client.Scenario@3e8]" test-instance-name="Adding a recipe" name="afterMethod" is-config="true" duration-ms="1" started-at="2017-01-17T15:32:41Z" finished-at="2017-01-17T15:32:41Z">
          <params>
            <param index="0">
              <value>
                <![CDATA[org.testng.TestRunner@703580bf]]>
              </value>
            </param>
            <param index="1">
              <value>
                <![CDATA[[TestResult name=Adding a recipe status=SUCCESS method=src.main.resources.scenarios.Recipes.feature.Adding a recipe()[pri:1000, instance:com.qmetry.qaf.automation.step.client.Scenario@3e8] output=▄ ▄ ▄ BEGIN STEP: Given I am on the home page ▄ ▄ ▄]]]>
              </value>
            </param>
          </params>
          <reporter-output>
          </reporter-output>
        </test-method> <!-- afterMethod -->
        <test-method status="PASS" signature="afterClass(org.testng.ITestContext)[pri:0, instance:com.qmetry.qaf.automation.step.client.Scenario@3e8]" test-instance-name="Adding a recipe" name="afterClass" is-config="true" duration-ms="1" started-at="2017-01-17T15:32:41Z" finished-at="2017-01-17T15:32:41Z">
          <params>
            <param index="0">
              <value>
                <![CDATA[org.testng.TestRunner@703580bf]]>
              </value>
            </param>
          </params>
          <reporter-output>
          </reporter-output>
        </test-method> <!-- afterClass -->
        <test-method status="PASS" signature="afterTest(org.testng.ITestContext)[pri:0, instance:com.qmetry.qaf.automation.step.client.Scenario@3e8]" test-instance-name="Adding a recipe" name="afterTest" is-config="true" duration-ms="10977" started-at="2017-01-17T15:32:41Z" finished-at="2017-01-17T15:32:52Z">
          <params>
            <param index="0">
              <value>
                <![CDATA[org.testng.TestRunner@703580bf]]>
              </value>
            </param>
          </params>
          <reporter-output>
          </reporter-output>
        </test-method> <!-- afterTest -->
      </class> <!-- com.qmetry.qaf.automation.step.client.Scenario -->
    </test> <!-- IOS Test -->
  </suite> <!-- Appium Demo Suite -->
</testng-results>
