<?xml version="1.0" encoding="UTF-8"?>
<testng-results skipped="0" failed="1" total="1" passed="0">
  <reporter-output>
    <line>
      <![CDATA[▀▄▀▄▀ DEVICE PROPERTIES: Capabilities [{reportPdfUrl=https://demo.reporting-01.perfectomobile.com/export/api/v1/test-executions/pdf?externalId[0]=lees@perfectomobile.com_RemoteWebDriver_17-01-18_08_48_06_2366, available=false, description=Lee Raj, language=English, operatorCode=310030, deviceName=41EEF156EA10EDAB41632651F7AD2A4C4CB502ED, deviceId=41EEF156EA10EDAB41632651F7AD2A4C4CB502ED, operatorName=AT&T, resolution=750x1334, platform=ANY, wifiMacAddress=48:43:7c:c2:14:58, manufacturer=Apple, mode=CONNECTED, password=, cradleId=WF-CG29-55/VIRTUAL/01, osVersion=9.3.4, driverClass=io.appium.java_client.ios.IOSDriver, automationName=Appium, host=demo.perfectomobile.com, singleTestReportUrl=https://demo.perfectomobile.com/nexperience/singletest/report/?reportRepositoryKey=PRIVATE:RemoteWebDriver/170118/RemoteWebDriver_17-01-18_08_48_06_2366.xml&ownerId=lees@perfectomobile.com&sharingCode=7aaffcba-dbbf-410c-b74f-23daea78d34f, inUse=true, takesScreenshot=true, javascriptEnabled=true, model=iPhone-6, platformName=iOS, firmware=9.2.1, applicationName=Recipes, rotatable=true, testGridReportUrl=https://demo.reporting-01.perfectomobile.com?externalId[0]=lees@perfectomobile.com_RemoteWebDriver_17-01-18_08_48_06_2366, os=iOS, entityType=appium_driver, allocatedTo=lees@perfectomobile.com, bundleId=com.example.apple-samplecode.Recipes, serverConnector=, executionId=lees@perfectomobile.com_RemoteWebDriver_17-01-18_08_48_06_2366, webdriver.remote.sessionid=b023965e-76a8-41ae-80a7-2407ed4ce997, locationContextEnabled=true, scriptName=RemoteWebDriver, location=NA-US-BOS, linkType=lab, reportKey=PRIVATE:RemoteWebDriver/170118/RemoteWebDriver_17-01-18_08_48_06_2366.xml, operatorCountry=United States of America, windTunnelReportUrl=https://demo.perfectomobile.com/nexperience/singletest/report/?reportRepositoryKey=PRIVATE:RemoteWebDriver/170118/RemoteWebDriver_17-01-18_08_48_06_2366.xml&ownerId=lees@perfectomobile.com&sharingCode=7aaffcba-dbbf-410c-b74f-23daea78d34f, user=, operabilityRatingScore=100, cssSelectorsEnabled=true, status=Connected}] ▀▄▀▄▀]]>
    </line>
    <line>
      <![CDATA[█▀▀▀▀▀▀▀▀▀▀▀▀▀▀▀▀▀▀▀▀▀▀▀▀▀▀▀▀▀▀▀█]]>
    </line>
    <line>
      <![CDATA[█ TEST STARTED: Adding a recipe █]]>
    </line>
    <line>
      <![CDATA[█▄▄▄▄▄▄▄▄▄▄▄▄▄▄▄▄▄▄▄▄▄▄▄▄▄▄▄▄▄▄▄█]]>
    </line>
    <line>
      <![CDATA[▄ ▄ ▄ BEGIN STEP: Given I am on the home page ▄ ▄ ▄]]>
    </line>
    <line>
      <![CDATA[▀ ▀ ▀ END STEP: Given I am on the home page ▀ ▀ ▀]]>
    </line>
    <line>
      <![CDATA[▄ ▄ ▄ BEGIN STEP: And I navigate to add another recipe ▄ ▄ ▄]]>
    </line>
    <line>
      <![CDATA[▀ ▀ ▀ END STEP: And I navigate to add another recipe ▀ ▀ ▀]]>
    </line>
    <line>
      <![CDATA[▄ ▄ ▄ BEGIN STEP: When I add a new recipe name "Blabla" ▄ ▄ ▄]]>
    </line>
    <line>
      <![CDATA[▄ ▄ ▄ BEGIN STEP: click on {loc} ▄ ▄ ▄]]>
    </line>
    <line>
      <![CDATA[▀ ▀ ▀ END STEP: click on {loc} ▀ ▀ ▀]]>
    </line>
    <line>
      <![CDATA[▀ ▀ ▀ END STEP: When I add a new recipe name "Blabla" ▀ ▀ ▀]]>
    </line>
    <line>
      <![CDATA[▄ ▄ ▄ BEGIN STEP: When I navigate to edit recipe ▄ ▄ ▄]]>
    </line>
    <line>
      <![CDATA[▀ ▀ ▀ END STEP: When I navigate to edit recipe ▀ ▀ ▀]]>
    </line>
    <line>
      <![CDATA[▄ ▄ ▄ BEGIN STEP: And I choose category ▄ ▄ ▄]]>
    </line>
    <line>
      <![CDATA[▄ ▄ ▄ BEGIN STEP: click on {loc} ▄ ▄ ▄]]>
    </line>
    <line>
      <![CDATA[▀ ▀ ▀ END STEP: click on {loc} ▀ ▀ ▀]]>
    </line>
    <line>
      <![CDATA[▄ ▄ ▄ BEGIN STEP: click on {loc} ▄ ▄ ▄]]>
    </line>
    <line>
      <![CDATA[▀ ▀ ▀ END STEP: click on {loc} ▀ ▀ ▀]]>
    </line>
    <line>
      <![CDATA[▀ ▀ ▀ END STEP: And I choose category ▀ ▀ ▀]]>
    </line>
    <line>
      <![CDATA[▄ ▄ ▄ BEGIN STEP: And I choose a photo ▄ ▄ ▄]]>
    </line>
    <line>
      <![CDATA[▄ ▄ ▄ BEGIN STEP: click on {loc} ▄ ▄ ▄]]>
    </line>
    <line>
      <![CDATA[▀ ▀ ▀ END STEP: click on {loc} ▀ ▀ ▀]]>
    </line>
    <line>
      <![CDATA[▄ ▄ ▄ BEGIN STEP: click on {loc} ▄ ▄ ▄]]>
    </line>
    <line>
      <![CDATA[▀ ▀ ▀ END STEP: click on {loc} ▀ ▀ ▀]]>
    </line>
    <line>
      <![CDATA[▀ ▀ ▀ END STEP: And I choose a photo ▀ ▀ ▀]]>
    </line>
    <line>
      <![CDATA[▄ ▄ ▄ BEGIN STEP: And I navigate back to home page ▄ ▄ ▄]]>
    </line>
    <line>
      <![CDATA[▄ ▄ ▄ BEGIN STEP: click on {loc} ▄ ▄ ▄]]>
    </line>
    <line>
      <![CDATA[▀ ▀ ▀ END STEP: click on {loc} ▀ ▀ ▀]]>
    </line>
    <line>
      <![CDATA[▄ ▄ ▄ BEGIN STEP: assert {loc} is present ▄ ▄ ▄]]>
    </line>
    <line>
      <![CDATA[▀ ▀ ▀ END STEP: assert {loc} is present ▀ ▀ ▀]]>
    </line>
    <line>
      <![CDATA[▀ ▀ ▀ END STEP: And I navigate back to home page ▀ ▀ ▀]]>
    </line>
    <line>
      <![CDATA[▄ ▄ ▄ BEGIN STEP: Then I expect the new recipe named "Blabla" to be added to the top of the list ▄ ▄ ▄]]>
    </line>
    <line>
      <![CDATA[▀ ▀ ▀ END STEP: Then I expect the new recipe named "Blabla" to be added to the top of the list ▀ ▀ ▀]]>
    </line>
    <line>
      <![CDATA[▄ ▄ ▄ BEGIN STEP: And I delete recipe in position number "2" ▄ ▄ ▄]]>
    </line>
    <line>
      <![CDATA[▄ ▄ ▄ BEGIN STEP: click on {loc} ▄ ▄ ▄]]>
    </line>
    <line>
      <![CDATA[▀ ▀ ▀ END STEP: click on {loc} ▀ ▀ ▀]]>
    </line>
    <line>
      <![CDATA[▄ ▄ ▄ BEGIN STEP: click on {loc} ▄ ▄ ▄]]>
    </line>
    <line>
      <![CDATA[▀ ▀ ▀ END STEP: click on {loc} ▀ ▀ ▀]]>
    </line>
    <line>
      <![CDATA[▀ ▀ ▀ END STEP: And I delete recipe in position number "2" ▀ ▀ ▀]]>
    </line>
    <line>
      <![CDATA[▄ ▄ ▄ BEGIN STEP: Then I expect recipe name "Blabla" to be deleted ▄ ▄ ▄]]>
    </line>
    <line>
      <![CDATA[▀ ▀ ▀ END STEP: Then I expect recipe name "Blabla" to be deleted ▀ ▀ ▀]]>
    </line>
    <line>
      <![CDATA[<div style="display:block;margin-left:10px;"><div  class="teststeppass"><span class="teststeppass-label">T </span>Given I am on the home page</div><div style="display:block;margin-left:10px;"><div  class="pass"><span class="pass-label">P </span>Expected By.xpath: //*[@value="Recipes"] present : Actual By.xpath: //*[@value="Recipes"] present <a href="img/Adding a recipe_ekmsmzvflkqe50522.png" target="_blank">[View Screenshot]</a> </div></div><div  class="teststeppass"><span class="teststeppass-label">T </span>And I navigate to add another recipe</div><div  class="teststeppass"><span class="teststeppass-label">T </span>When I add a new recipe name "Blabla"</div><div style="display:block;margin-left:10px;"><div  class="teststeppass"><span class="teststeppass-label">T </span>click on 'saveBtn'</div></div><div  class="teststeppass"><span class="teststeppass-label">T </span>When I navigate to edit recipe</div><div  class="teststeppass"><span class="teststeppass-label">T </span>And I choose category</div><div style="display:block;margin-left:10px;"><div  class="teststeppass"><span class="teststeppass-label">T </span>click on 'dessertCategory'</div><div  class="teststeppass"><span class="teststeppass-label">T </span>click on 'doneBtn'</div></div><div  class="teststeppass"><span class="teststeppass-label">T </span>And I choose a photo</div><div style="display:block;margin-left:10px;"><div  class="teststeppass"><span class="teststeppass-label">T </span>click on 'cameraMomentsLib'</div><div  class="teststeppass"><span class="teststeppass-label">T </span>click on 'photo'</div></div><div  class="teststeppass"><span class="teststeppass-label">T </span>And I navigate back to home page</div><div style="display:block;margin-left:10px;"><div  class="teststeppass"><span class="teststeppass-label">T </span>click on 'back'</div><div  class="teststeppass"><span class="teststeppass-label">T </span>assert 'homePage' is present</div><div style="display:block;margin-left:10px;"><div  class="pass"><span class="pass-label">P </span>Expected By.xpath: //*[@value="Recipes"] present : Actual By.xpath: //*[@value="Recipes"] present <a href="img/Adding a recipe_1aemsefbz4h2x50523.png" target="_blank">[View Screenshot]</a> </div></div></div><div  class="teststeppass"><span class="teststeppass-label">T </span>Then I expect the new recipe named "Blabla" to be added to the top of the list</div><div  class="teststeppass"><span class="teststeppass-label">T </span>And I delete recipe in position number "2"</div><div style="display:block;margin-left:10px;"><div  class="teststeppass"><span class="teststeppass-label">T </span>click on 'deleteBtn'</div><div  class="teststeppass"><span class="teststeppass-label">T </span>click on 'doneBtn'</div></div><div  class="teststepfail"><span class="teststepfail-label">T </span>Then I expect recipe name "Blabla" to be deleted <a href="img/Adding a recipe_pqchyoze1cfq50524.png" target="_blank">[View Screenshot]</a> </div><div style="display:block;margin-left:10px;"><div  class="fail"><span class="fail-label">F </span>null</div></div><div  class="teststep"><span class="teststep-label">T </span>Then I close application by name "Recipes"</div></div>]]>
    </line>
    <line>
      <![CDATA[▀▄▀▄▀ REPORTIUM URL: https://demo.reporting-01.perfectomobile.com?externalId%5B0%5D=lees@perfectomobile.com_RemoteWebDriver_17-01-18_08_48_06_2366 ▀▄▀▄▀]]>
    </line>
    <line>
      <![CDATA[█▀▀▀▀▀▀▀▀▀▀▀▀▀▀▀▀▀▀▀▀▀▀▀▀▀▀▀▀▀▀█]]>
    </line>
    <line>
      <![CDATA[█ TEST FAILED: Adding a recipe █]]>
    </line>
    <line>
      <![CDATA[█▄▄▄▄▄▄▄▄▄▄▄▄▄▄▄▄▄▄▄▄▄▄▄▄▄▄▄▄▄▄█]]>
    </line>
  </reporter-output>
  <suite name="Appium Demo Suite" duration-ms="122680" started-at="2017-01-18T08:48:05Z" finished-at="2017-01-18T08:50:07Z">
    <groups>
      <group name="@recipes">
        <method signature="src.main.resources.scenarios.Recipes.feature.Adding a recipe()[pri:1000, instance:com.qmetry.qaf.automation.step.client.Scenario@3e8]" name="Adding a recipe" class="com.qmetry.qaf.automation.step.client.Scenario"/>
      </group> <!-- @recipes -->
    </groups>
    <test name="IOS Test" duration-ms="122680" started-at="2017-01-18T08:48:05Z" finished-at="2017-01-18T08:50:07Z">
      <class name="com.qmetry.qaf.automation.step.client.Scenario">
        <test-method status="PASS" signature="setupSuit(org.testng.ITestContext)[pri:0, instance:com.qmetry.qaf.automation.step.client.Scenario@3e8]" test-instance-name="Adding a recipe" name="setupSuit" is-config="true" duration-ms="24" started-at="2017-01-18T10:48:05Z" finished-at="2017-01-18T10:48:05Z">
          <params>
            <param index="0">
              <value>
                <![CDATA[org.testng.TestRunner@31d7b7bf]]>
              </value>
            </param>
          </params>
          <reporter-output>
          </reporter-output>
        </test-method> <!-- setupSuit -->
        <test-method status="PASS" signature="setupTest(org.testng.ITestContext)[pri:0, instance:com.qmetry.qaf.automation.step.client.Scenario@3e8]" test-instance-name="Adding a recipe" name="setupTest" is-config="true" duration-ms="22" started-at="2017-01-18T10:48:05Z" finished-at="2017-01-18T10:48:05Z">
          <params>
            <param index="0">
              <value>
                <![CDATA[org.testng.TestRunner@31d7b7bf]]>
              </value>
            </param>
          </params>
          <reporter-output>
          </reporter-output>
        </test-method> <!-- setupTest -->
        <test-method status="PASS" signature="setup(org.testng.ITestContext)[pri:0, instance:com.qmetry.qaf.automation.step.client.Scenario@3e8]" test-instance-name="Adding a recipe" name="setup" is-config="true" duration-ms="1" started-at="2017-01-18T10:48:05Z" finished-at="2017-01-18T10:48:05Z">
          <params>
            <param index="0">
              <value>
                <![CDATA[org.testng.TestRunner@31d7b7bf]]>
              </value>
            </param>
          </params>
          <reporter-output>
          </reporter-output>
        </test-method> <!-- setup -->
        <test-method status="PASS" signature="setupMethod(java.lang.reflect.Method, org.testng.ITestContext)[pri:0, instance:com.qmetry.qaf.automation.step.client.Scenario@3e8]" test-instance-name="Adding a recipe" name="setupMethod" is-config="true" duration-ms="1" started-at="2017-01-18T10:48:05Z" finished-at="2017-01-18T10:48:05Z">
          <params>
            <param index="0">
              <value>
                <![CDATA[public void com.qmetry.qaf.automation.step.client.Scenario.scenario()]]>
              </value>
            </param>
            <param index="1">
              <value>
                <![CDATA[org.testng.TestRunner@31d7b7bf]]>
              </value>
            </param>
          </params>
          <reporter-output>
          </reporter-output>
        </test-method> <!-- setupMethod -->
        <test-method status="FAIL" signature="Adding a recipe()[pri:1000, instance:com.qmetry.qaf.automation.step.client.Scenario@3e8]" test-instance-name="Adding a recipe" name="Adding a recipe" duration-ms="109654" started-at="2017-01-18T10:48:05Z" finished-at="2017-01-18T10:49:54Z">
          <exception class="java.lang.AssertionError">
            <message>
              <![CDATA[null]]>
            </message>
            <full-stacktrace>
              <![CDATA[java.lang.AssertionError: null
	at .Then I expect recipe name "Blabla" to be deleted(src/main/resources/scenarios/Recipes.feature:18)
	at com.quantum.steps.RecipesStespsDefs.validateRecipeDeleted(RecipesStespsDefs.java:123)
	at com.qmetry.qaf.automation.step.JavaStep.doExecute(JavaStep.java:155)
	at com.qmetry.qaf.automation.step.BaseTestStep.execute(BaseTestStep.java:149)
	at com.qmetry.qaf.automation.step.StringTestStep.execute(StringTestStep.java:134)
	at com.qmetry.qaf.automation.step.client.Scenario.execute(Scenario.java:167)
	at com.qmetry.qaf.automation.step.client.Scenario.scenario(Scenario.java:219)
	at java.util.concurrent.FutureTask.run(FutureTask.java:266)
	at java.util.concurrent.ThreadPoolExecutor.runWorker(ThreadPoolExecutor.java:1142)
	at java.util.concurrent.ThreadPoolExecutor$Worker.run(ThreadPoolExecutor.java:617)
	at java.lang.Thread.run(Thread.java:745)
]]>
            </full-stacktrace>
          </exception> <!-- java.lang.AssertionError -->
          <reporter-output>
            <line>
              <![CDATA[▄ ▄ ▄ BEGIN STEP: Given I am on the home page ▄ ▄ ▄]]>
            </line>
            <line>
              <![CDATA[▀ ▀ ▀ END STEP: Given I am on the home page ▀ ▀ ▀]]>
            </line>
            <line>
              <![CDATA[▄ ▄ ▄ BEGIN STEP: And I navigate to add another recipe ▄ ▄ ▄]]>
            </line>
            <line>
              <![CDATA[▀ ▀ ▀ END STEP: And I navigate to add another recipe ▀ ▀ ▀]]>
            </line>
            <line>
              <![CDATA[▄ ▄ ▄ BEGIN STEP: When I add a new recipe name "Blabla" ▄ ▄ ▄]]>
            </line>
            <line>
              <![CDATA[▄ ▄ ▄ BEGIN STEP: click on {loc} ▄ ▄ ▄]]>
            </line>
            <line>
              <![CDATA[▀ ▀ ▀ END STEP: click on {loc} ▀ ▀ ▀]]>
            </line>
            <line>
              <![CDATA[▀ ▀ ▀ END STEP: When I add a new recipe name "Blabla" ▀ ▀ ▀]]>
            </line>
            <line>
              <![CDATA[▄ ▄ ▄ BEGIN STEP: When I navigate to edit recipe ▄ ▄ ▄]]>
            </line>
            <line>
              <![CDATA[▀ ▀ ▀ END STEP: When I navigate to edit recipe ▀ ▀ ▀]]>
            </line>
            <line>
              <![CDATA[▄ ▄ ▄ BEGIN STEP: And I choose category ▄ ▄ ▄]]>
            </line>
            <line>
              <![CDATA[▄ ▄ ▄ BEGIN STEP: click on {loc} ▄ ▄ ▄]]>
            </line>
            <line>
              <![CDATA[▀ ▀ ▀ END STEP: click on {loc} ▀ ▀ ▀]]>
            </line>
            <line>
              <![CDATA[▄ ▄ ▄ BEGIN STEP: click on {loc} ▄ ▄ ▄]]>
            </line>
            <line>
              <![CDATA[▀ ▀ ▀ END STEP: click on {loc} ▀ ▀ ▀]]>
            </line>
            <line>
              <![CDATA[▀ ▀ ▀ END STEP: And I choose category ▀ ▀ ▀]]>
            </line>
            <line>
              <![CDATA[▄ ▄ ▄ BEGIN STEP: And I choose a photo ▄ ▄ ▄]]>
            </line>
            <line>
              <![CDATA[▄ ▄ ▄ BEGIN STEP: click on {loc} ▄ ▄ ▄]]>
            </line>
            <line>
              <![CDATA[▀ ▀ ▀ END STEP: click on {loc} ▀ ▀ ▀]]>
            </line>
            <line>
              <![CDATA[▄ ▄ ▄ BEGIN STEP: click on {loc} ▄ ▄ ▄]]>
            </line>
            <line>
              <![CDATA[▀ ▀ ▀ END STEP: click on {loc} ▀ ▀ ▀]]>
            </line>
            <line>
              <![CDATA[▀ ▀ ▀ END STEP: And I choose a photo ▀ ▀ ▀]]>
            </line>
            <line>
              <![CDATA[▄ ▄ ▄ BEGIN STEP: And I navigate back to home page ▄ ▄ ▄]]>
            </line>
            <line>
              <![CDATA[▄ ▄ ▄ BEGIN STEP: click on {loc} ▄ ▄ ▄]]>
            </line>
            <line>
              <![CDATA[▀ ▀ ▀ END STEP: click on {loc} ▀ ▀ ▀]]>
            </line>
            <line>
              <![CDATA[▄ ▄ ▄ BEGIN STEP: assert {loc} is present ▄ ▄ ▄]]>
            </line>
            <line>
              <![CDATA[▀ ▀ ▀ END STEP: assert {loc} is present ▀ ▀ ▀]]>
            </line>
            <line>
              <![CDATA[▀ ▀ ▀ END STEP: And I navigate back to home page ▀ ▀ ▀]]>
            </line>
            <line>
              <![CDATA[▄ ▄ ▄ BEGIN STEP: Then I expect the new recipe named "Blabla" to be added to the top of the list ▄ ▄ ▄]]>
            </line>
            <line>
              <![CDATA[▀ ▀ ▀ END STEP: Then I expect the new recipe named "Blabla" to be added to the top of the list ▀ ▀ ▀]]>
            </line>
            <line>
              <![CDATA[▄ ▄ ▄ BEGIN STEP: And I delete recipe in position number "2" ▄ ▄ ▄]]>
            </line>
            <line>
              <![CDATA[▄ ▄ ▄ BEGIN STEP: click on {loc} ▄ ▄ ▄]]>
            </line>
            <line>
              <![CDATA[▀ ▀ ▀ END STEP: click on {loc} ▀ ▀ ▀]]>
            </line>
            <line>
              <![CDATA[▄ ▄ ▄ BEGIN STEP: click on {loc} ▄ ▄ ▄]]>
            </line>
            <line>
              <![CDATA[▀ ▀ ▀ END STEP: click on {loc} ▀ ▀ ▀]]>
            </line>
            <line>
              <![CDATA[▀ ▀ ▀ END STEP: And I delete recipe in position number "2" ▀ ▀ ▀]]>
            </line>
            <line>
              <![CDATA[▄ ▄ ▄ BEGIN STEP: Then I expect recipe name "Blabla" to be deleted ▄ ▄ ▄]]>
            </line>
            <line>
              <![CDATA[▀ ▀ ▀ END STEP: Then I expect recipe name "Blabla" to be deleted ▀ ▀ ▀]]>
            </line>
            <line>
              <![CDATA[<div style="display:block;margin-left:10px;"><div  class="teststeppass"><span class="teststeppass-label">T </span>Given I am on the home page</div><div style="display:block;margin-left:10px;"><div  class="pass"><span class="pass-label">P </span>Expected By.xpath: //*[@value="Recipes"] present : Actual By.xpath: //*[@value="Recipes"] present <a href="img/Adding a recipe_ekmsmzvflkqe50522.png" target="_blank">[View Screenshot]</a> </div></div><div  class="teststeppass"><span class="teststeppass-label">T </span>And I navigate to add another recipe</div><div  class="teststeppass"><span class="teststeppass-label">T </span>When I add a new recipe name "Blabla"</div><div style="display:block;margin-left:10px;"><div  class="teststeppass"><span class="teststeppass-label">T </span>click on 'saveBtn'</div></div><div  class="teststeppass"><span class="teststeppass-label">T </span>When I navigate to edit recipe</div><div  class="teststeppass"><span class="teststeppass-label">T </span>And I choose category</div><div style="display:block;margin-left:10px;"><div  class="teststeppass"><span class="teststeppass-label">T </span>click on 'dessertCategory'</div><div  class="teststeppass"><span class="teststeppass-label">T </span>click on 'doneBtn'</div></div><div  class="teststeppass"><span class="teststeppass-label">T </span>And I choose a photo</div><div style="display:block;margin-left:10px;"><div  class="teststeppass"><span class="teststeppass-label">T </span>click on 'cameraMomentsLib'</div><div  class="teststeppass"><span class="teststeppass-label">T </span>click on 'photo'</div></div><div  class="teststeppass"><span class="teststeppass-label">T </span>And I navigate back to home page</div><div style="display:block;margin-left:10px;"><div  class="teststeppass"><span class="teststeppass-label">T </span>click on 'back'</div><div  class="teststeppass"><span class="teststeppass-label">T </span>assert 'homePage' is present</div><div style="display:block;margin-left:10px;"><div  class="pass"><span class="pass-label">P </span>Expected By.xpath: //*[@value="Recipes"] present : Actual By.xpath: //*[@value="Recipes"] present <a href="img/Adding a recipe_1aemsefbz4h2x50523.png" target="_blank">[View Screenshot]</a> </div></div></div><div  class="teststeppass"><span class="teststeppass-label">T </span>Then I expect the new recipe named "Blabla" to be added to the top of the list</div><div  class="teststeppass"><span class="teststeppass-label">T </span>And I delete recipe in position number "2"</div><div style="display:block;margin-left:10px;"><div  class="teststeppass"><span class="teststeppass-label">T </span>click on 'deleteBtn'</div><div  class="teststeppass"><span class="teststeppass-label">T </span>click on 'doneBtn'</div></div><div  class="teststepfail"><span class="teststepfail-label">T </span>Then I expect recipe name "Blabla" to be deleted <a href="img/Adding a recipe_pqchyoze1cfq50524.png" target="_blank">[View Screenshot]</a> </div><div style="display:block;margin-left:10px;"><div  class="fail"><span class="fail-label">F </span>null</div></div><div  class="teststep"><span class="teststep-label">T </span>Then I close application by name "Recipes"</div></div>]]>
            </line>
            <line>
              <![CDATA[▀▄▀▄▀ REPORTIUM URL: https://demo.reporting-01.perfectomobile.com?externalId%5B0%5D=lees@perfectomobile.com_RemoteWebDriver_17-01-18_08_48_06_2366 ▀▄▀▄▀]]>
            </line>
            <line>
              <![CDATA[█▀▀▀▀▀▀▀▀▀▀▀▀▀▀▀▀▀▀▀▀▀▀▀▀▀▀▀▀▀▀█]]>
            </line>
            <line>
              <![CDATA[█ TEST FAILED: Adding a recipe █]]>
            </line>
            <line>
              <![CDATA[█▄▄▄▄▄▄▄▄▄▄▄▄▄▄▄▄▄▄▄▄▄▄▄▄▄▄▄▄▄▄█]]>
            </line>
          </reporter-output>
        </test-method> <!-- Adding a recipe -->
        <test-method status="PASS" signature="afterMethod(org.testng.ITestContext, org.testng.ITestResult)[pri:0, instance:com.qmetry.qaf.automation.step.client.Scenario@3e8]" test-instance-name="Adding a recipe" name="afterMethod" is-config="true" duration-ms="1" started-at="2017-01-18T10:49:56Z" finished-at="2017-01-18T10:49:56Z">
          <params>
            <param index="0">
              <value>
                <![CDATA[org.testng.TestRunner@31d7b7bf]]>
              </value>
            </param>
            <param index="1">
              <value>
                <![CDATA[[TestResult name=Adding a recipe status=FAILURE method=src.main.resources.scenarios.Recipes.feature.Adding a recipe()[pri:1000, instance:com.qmetry.qaf.automation.step.client.Scenario@3e8] output=▄ ▄ ▄ BEGIN STEP: Given I am on the home page ▄ ▄ ▄]]]>
              </value>
            </param>
          </params>
          <reporter-output>
          </reporter-output>
        </test-method> <!-- afterMethod -->
        <test-method status="PASS" signature="afterClass(org.testng.ITestContext)[pri:0, instance:com.qmetry.qaf.automation.step.client.Scenario@3e8]" test-instance-name="Adding a recipe" name="afterClass" is-config="true" duration-ms="0" started-at="2017-01-18T10:49:56Z" finished-at="2017-01-18T10:49:56Z">
          <params>
            <param index="0">
              <value>
                <![CDATA[org.testng.TestRunner@31d7b7bf]]>
              </value>
            </param>
          </params>
          <reporter-output>
          </reporter-output>
        </test-method> <!-- afterClass -->
        <test-method status="PASS" signature="afterTest(org.testng.ITestContext)[pri:0, instance:com.qmetry.qaf.automation.step.client.Scenario@3e8]" test-instance-name="Adding a recipe" name="afterTest" is-config="true" duration-ms="11156" started-at="2017-01-18T10:49:56Z" finished-at="2017-01-18T10:50:07Z">
          <params>
            <param index="0">
              <value>
                <![CDATA[org.testng.TestRunner@31d7b7bf]]>
              </value>
            </param>
          </params>
          <reporter-output>
          </reporter-output>
        </test-method> <!-- afterTest -->
      </class> <!-- com.qmetry.qaf.automation.step.client.Scenario -->
    </test> <!-- IOS Test -->
  </suite> <!-- Appium Demo Suite -->
</testng-results>
