<?xml version="1.0" encoding="UTF-8"?>
<!-- Generated by org.testng.reporters.JUnitXMLReporter -->
<testsuite hostname="nb-lees-10" name="IOS Test" tests="1" failures="1" timestamp="18 Jan 2017 08:50:07 GMT" time="122.68" errors="0">
  <testcase name="Adding a recipe" time="109.654" classname="com.qmetry.qaf.automation.step.client.Scenario">
    <failure type="java.lang.AssertionError" message="null">
      <![CDATA[java.lang.AssertionError: null
	at .Then I expect recipe name "Blabla" to be deleted(src/main/resources/scenarios/Recipes.feature:18)
	at com.quantum.steps.RecipesStespsDefs.validateRecipeDeleted(RecipesStespsDefs.java:123)
	at com.qmetry.qaf.automation.step.JavaStep.doExecute(JavaStep.java:155)
	at com.qmetry.qaf.automation.step.BaseTestStep.execute(BaseTestStep.java:149)
	at com.qmetry.qaf.automation.step.StringTestStep.execute(StringTestStep.java:134)
	at com.qmetry.qaf.automation.step.client.Scenario.execute(Scenario.java:167)
	at com.qmetry.qaf.automation.step.client.Scenario.scenario(Scenario.java:219)
	at java.util.concurrent.FutureTask.run(FutureTask.java:266)
	at java.util.concurrent.ThreadPoolExecutor.runWorker(ThreadPoolExecutor.java:1142)
	at java.util.concurrent.ThreadPoolExecutor$Worker.run(ThreadPoolExecutor.java:617)
	at java.lang.Thread.run(Thread.java:745)
]]>
    </failure>
  </testcase> <!-- Adding a recipe -->
</testsuite> <!-- IOS Test -->
